<?xml version="1.0" encoding="UTF-8"?>
<testng-results ignored="0" total="4" passed="4" failed="0" skipped="0">
  <reporter-output>
  </reporter-output>
  <suite started-at="2021-10-13T09:34:59Z" name="Suite" finished-at="2021-10-13T09:35:07Z" duration-ms="8460">
    <groups>
    </groups>
    <test started-at="2021-10-13T09:34:59Z" name="Test1" finished-at="2021-10-13T09:34:59Z" duration-ms="47">
      <class name="app.AppTest">
        <test-method signature="loginTestWithInvalid()[pri:0, instance:app.AppTest@57c03d88]" started-at="2021-10-13T09:34:59Z" name="loginTestWithInvalid" finished-at="2021-10-13T09:34:59Z" duration-ms="16" status="PASS">
          <reporter-output>
          </reporter-output>
        </test-method> <!-- loginTestWithInvalid -->
        <test-method signature="loginTestWithValid()[pri:0, instance:app.AppTest@57c03d88]" started-at="2021-10-13T09:34:59Z" name="loginTestWithValid" finished-at="2021-10-13T09:34:59Z" duration-ms="1" status="PASS">
          <reporter-output>
          </reporter-output>
        </test-method> <!-- loginTestWithValid -->
      </class> <!-- app.AppTest -->
    </test> <!-- Test1 -->
    <test started-at="2021-10-13T09:34:59Z" name="Test2" finished-at="2021-10-13T09:34:59Z" duration-ms="1">
      <class name="app.NumberComparision">
        <test-method signature="intComparision()[pri:0, instance:app.NumberComparision@3b74ac8]" started-at="2021-10-13T09:34:59Z" name="intComparision" finished-at="2021-10-13T09:34:59Z" duration-ms="1" status="PASS">
          <reporter-output>
          </reporter-output>
        </test-method> <!-- intComparision -->
      </class> <!-- app.NumberComparision -->
    </test> <!-- Test2 -->
    <test started-at="2021-10-13T09:34:59Z" name="Test3" finished-at="2021-10-13T09:35:07Z" duration-ms="8373">
      <class name="app.SeleniumDev">
        <test-method is-config="true" signature="beforeTest()[pri:0, instance:app.SeleniumDev@327af41b]" started-at="2021-10-13T09:34:59Z" name="beforeTest" finished-at="2021-10-13T09:35:01Z" duration-ms="2433" status="PASS">
          <reporter-output>
          </reporter-output>
        </test-method> <!-- beforeTest -->
        <test-method signature="titleTest()[pri:0, instance:app.SeleniumDev@327af41b]" started-at="2021-10-13T09:35:01Z" name="titleTest" finished-at="2021-10-13T09:35:04Z" duration-ms="3002" status="PASS">
          <reporter-output>
          </reporter-output>
        </test-method> <!-- titleTest -->
        <test-method is-config="true" signature="afterTest()[pri:0, instance:app.SeleniumDev@327af41b]" started-at="2021-10-13T09:35:04Z" name="afterTest" finished-at="2021-10-13T09:35:07Z" duration-ms="2937" status="PASS">
          <reporter-output>
          </reporter-output>
        </test-method> <!-- afterTest -->
      </class> <!-- app.SeleniumDev -->
    </test> <!-- Test3 -->
  </suite> <!-- Suite -->
</testng-results>
